commit 74658d4cb1265c465c2a5caddcc1459b89b1b4ad
Author: julianholland <holland@fhi.mpg.de>
Date:   Wed Apr 22 17:42:11 2026 +0200

    should be all covered

commit 60736ff5bb2591114b75ddbde03fc58a695610cd
Author: julianholland <holland@fhi.mpg.de>
Date:   Wed Apr 22 12:57:23 2026 +0200

    added pre initialisation and works with current tests

commit 97d210216e86a6a7663d80f9b4f64f1f14728317
Merge: eca4ab0 ab12fde
Author: Julian <58478937+julianholland@users.noreply.github.com>
Date:   Thu Apr 16 15:44:41 2026 +0200

    Merge pull request #5 from julianholland/development/v0.0.3
    
    Release v0.0.3

commit ab12fde48267179cd30a11531897b0cfaed72b26
Author: Julian <holland@fhi.mpg.de>
Date:   Thu Apr 16 15:42:59 2026 +0200

    updated version

commit 47f1271d674d16853d9595f4aea2e32a9e045423
Author: Julian <holland@fhi.mpg.de>
Date:   Thu Apr 16 15:38:45 2026 +0200

    updated tests

commit 4d72241259c1c7d44ea0f2aee3b7b3750d54fd1a
Author: Julian <holland@fhi.mpg.de>
Date:   Thu Apr 16 14:22:35 2026 +0200

    updated tests for new functions, tidied ntpp

commit 62d80e6de3aa61205b2aa17284f17f442e7648c5
Author: Julian <holland@fhi.mpg.de>
Date:   Thu Apr 16 10:20:21 2026 +0200

    moved acceptance threshold to be sigma acceptance threshold

commit 671ddaca01f9490f6fec587390c33c124bd42b28
Author: Julian <holland@fhi.mpg.de>
Date:   Wed Apr 15 16:02:32 2026 +0200

    fixed round then perturb bug, fixed reset input vector on hash array creation bug, added get_uniqueness_score to multihash

commit eca4ab05c575b766eb0af2747c82de6ac4d18469
Author: Julian <holland@fhi.mpg.de>
Date:   Mon Apr 13 11:58:21 2026 +0200

    tight and loose options to pdr with tes

commit 4e77128c7dba30fcd2ca071fd7509336850812bd
Merge: b2b4677 8f275b8
Author: Julian <58478937+julianholland@users.noreply.github.com>
Date:   Wed Apr 1 16:01:29 2026 +0200

    Merge pull request #3 from julianholland/1-multihash-returning-poor-clustering-in-exampleipynb
    
    fixes and tests for example ipynb

commit 8f275b8800b12afc39359b93c1e7a1c50df941a8
Author: Julian <holland@fhi.mpg.de>
Date:   Wed Apr 1 15:54:39 2026 +0200

    added dependencies for matplotlib

commit b5445f831b1d94fd3600021e318864a5d4b3cbc6
Author: Julian <holland@fhi.mpg.de>
Date:   Wed Apr 1 15:48:44 2026 +0200

    added dependencies for notebook and ipykernel

commit 8c765c35541d2403738ff260a90edc5b163a5a7a
Author: Julian <holland@fhi.mpg.de>
Date:   Wed Apr 1 15:43:45 2026 +0200

    added dependencies for nbconver and nbclient

commit bb156cc676b16c58e65aba0ca86647216275fad7
Author: Julian <holland@fhi.mpg.de>
Date:   Wed Apr 1 15:37:24 2026 +0200

    added tests for notebook

commit 8b2529a13d0758baf3ef073ce716c64577e7cb59
Author: Julian <holland@fhi.mpg.de>
Date:   Wed Apr 1 13:27:40 2026 +0200

    fixed dataset in example notebook and remove unnecessary prints

commit b2b4677a1515588e37ea662f6e9af5bfebf46915
Author: Julian <holland@fhi.mpg.de>
Date:   Wed Apr 1 10:57:27 2026 +0200

    fixed bibtex in readme

commit 052e11689432c7daa7c06222cae60fadc5839f53
Author: Julian <holland@fhi.mpg.de>
Date:   Tue Mar 31 17:52:45 2026 +0200

    despecified the python warning raised in testing for unimplemented functions

commit 6541de3aa2ed3e1f5890bb8b2537a6dfaf997f6a
Author: Julian <holland@fhi.mpg.de>
Date:   Tue Mar 31 17:47:08 2026 +0200

    updated readme

commit 59e7ee94f72c1d760620805cae0cbe0451d0b694
Author: Julian <holland@fhi.mpg.de>
Date:   Tue Mar 31 17:45:23 2026 +0200

    updated NTPP, more test coverage, updated readme

commit 223943905ddae55ce1481d549d9bed35546e191c
Author: Julian <holland@fhi.mpg.de>
Date:   Mon Mar 30 18:19:50 2026 +0200

    v0.0.2 release

commit 9c1cfc46775c38f0f4c53880a1400baaf518400b
Author: Julian <holland@fhi.mpg.de>
Date:   Mon Mar 30 18:14:37 2026 +0200

    added scipy dependency

commit 85e666a682a44d3ea7cbd01ded829e3485d83c7a
Author: Julian <holland@fhi.mpg.de>
Date:   Mon Mar 30 18:09:59 2026 +0200

    added more tests

commit 7ee94df11888c15f91b1cf0af6e2a5216d51ea12
Author: Julian <holland@fhi.mpg.de>
Date:   Mon Mar 30 16:23:05 2026 +0200

    added example, minor fixes and changes, added deduplicate function (untested)

commit fa93d56887ac2d2a32701107ff6cd6f4e8b182bc
Author: Julian <holland@fhi.mpg.de>
Date:   Thu Mar 26 22:49:52 2026 +0100

    added numba dependency

commit cf10a8e19c127574c4e88de4142378d102e35bda
Author: Julian <holland@fhi.mpg.de>
Date:   Thu Mar 26 22:47:05 2026 +0100

    accelerated ddas with numba

commit e13a1baca9f5f37c0c0ec9ff40545af3ffcdf752
Author: Julian <holland@fhi.mpg.de>
Date:   Thu Mar 26 20:48:09 2026 +0100

    added codecov badge to readme

commit 033d99f8ff4751276dc5bd8d45442cd0cda8e702
Author: Julian <holland@fhi.mpg.de>
Date:   Thu Mar 26 20:43:23 2026 +0100

    added codecov to ci

commit 8108a500c35bb539e5151aaa0a1b5b927e4b65f0
Author: Julian <holland@fhi.mpg.de>
Date:   Thu Mar 26 20:18:08 2026 +0100

    release version 0.0.1

commit 851b6093b3a56042ddad65781cc32a53c22c0730
Author: Julian <holland@fhi.mpg.de>
Date:   Thu Mar 26 20:08:22 2026 +0100

    rename and readme update

commit 267ba97548c46ac01d60f6751f819d906d4378b5
Author: Julian <holland@fhi.mpg.de>
Date:   Thu Mar 26 19:28:52 2026 +0100

    working integration tests

commit e6a6f5424e8c3dfdb74940c41bb19d72f0f85a8f
Author: Julian <holland@fhi.mpg.de>
Date:   Thu Mar 26 17:23:59 2026 +0100

    working tests for ntpp and improved fixtures for all

commit 48b9a6909bbc984e176dcb7e1b31bcec19a24859
Author: Julian <holland@fhi.mpg.de>
Date:   Thu Mar 26 10:19:33 2026 +0100

    working tests for pdr

commit 3edf9597c29b8908cea5b87857cb049193653dfa
Author: Julian <holland@fhi.mpg.de>
Date:   Tue Mar 24 11:26:24 2026 +0100

    added license and finsihed tests for tolerance calculator core

commit 6bbbc8f24e894f70186efc2c066b972ca9ee9764
Author: Julian <holland@fhi.mpg.de>
Date:   Mon Mar 23 23:12:20 2026 +0100

    some tests for tolerance testing, moved to temporary setting of values for binary search and probe

commit d8f8ce23c48f2fbe724757470663a00fc6702e9a
Author: Julian <holland@fhi.mpg.de>
Date:   Thu Mar 19 18:24:11 2026 +0100

    PDR and NTPP implemented, not tested

commit 1b70fd55d32606238235d60790c611c7615351cb
Author: Julian <holland@fhi.mpg.de>
Date:   Thu Mar 19 12:42:40 2026 +0100

    multi hash implemented with tests

commit f3a0177924f71babfd87fd696123f9595b36ed9b
Author: Julian <holland@fhi.mpg.de>
Date:   Thu Mar 19 09:43:29 2026 +0100

    updated README.md, improved code readibility and DRY, nearly done with multi hash

commit 0cd80ccd85c5518412d94420b3b09d3ac193451c
Author: Julian <holland@fhi.mpg.de>
Date:   Wed Mar 18 15:44:25 2026 +0100

    added dependencies to ci

commit 0cddc4595abb0ff5da464691f0a4b8a25aba7f37
Author: Julian <holland@fhi.mpg.de>
Date:   Wed Mar 18 15:41:14 2026 +0100

    added dependencies

commit b2353e9716763f3b420c7eb7acf83aada869dcfa
Author: Julian <holland@fhi.mpg.de>
Date:   Wed Mar 18 15:20:58 2026 +0100

    linting fixes for tests

commit e5d4b353121d8123d10fb11d7df3db1cc215a48b
Author: Julian <holland@fhi.mpg.de>
Date:   Wed Mar 18 15:18:32 2026 +0100

    CI linter fix for realsies

commit 646dc85f6f5310a0759210013fb9d665a92815fc
Author: Julian <holland@fhi.mpg.de>
Date:   Wed Mar 18 15:08:23 2026 +0100

    CI linter fix (hopefully

commit bb03869d47368241c8c271e68a636d304b5a00d2
Author: Julian <holland@fhi.mpg.de>
Date:   Wed Mar 18 14:58:02 2026 +0100

    actually added CI

commit b0b54772b9b3f3e0621488eb6d255ab53b92afcc
Author: Julian <holland@fhi.mpg.de>
Date:   Wed Mar 18 14:55:05 2026 +0100

    setup added tests, CI, functioning DM DDA

commit 03a02d85b26705dce93d1c90254b9ec104b24248
Author: Julian <holland@fhi.mpg.de>
Date:   Tue Mar 17 17:18:55 2026 +0100

    initial
